<?xml version="1.0" encoding="UTF-8" ?>
<testsuites>
  <testsuite errors="1" failures="2" hostname="DESKTOP-9GKIH2R" id="0" name="DownloadCertificateControllerSpec" package="com.hiideals.form" tests="7" time="11.845" timestamp="2024-08-30T20:53:48">
      <properties />

      <testcase classname="com.hiideals.form.DownloadCertificateControllerSpec" name="Test the index action returns the correct model" time="9.958" />

      <testcase classname="com.hiideals.form.DownloadCertificateControllerSpec" name="Test the create action returns the correct model" time="0.74" />

      <testcase classname="com.hiideals.form.DownloadCertificateControllerSpec" name="Test the save action correctly persists an instance" time="0.434">
          <error message="Method on class [com.hiideals.form.InternationalCertificate] was used outside of a Grails application. If running in the context of a test using the mocking API or bootstrap Grails correctly." type="java.lang.IllegalStateException">java.lang.IllegalStateException: Method on class [com.hiideals.form.InternationalCertificate] was used outside of a Grails application. If running in the context of a test using the mocking API or bootstrap Grails correctly.
	at com.hiideals.form.DownloadCertificateController.$tt__save(DownloadCertificateController.groovy:47)
	at com.hiideals.form.DownloadCertificateControllerSpec.Test the save action correctly persists an instance(DownloadCertificateControllerSpec.groovy:43)
</error>

      </testcase>

      <testcase classname="com.hiideals.form.DownloadCertificateControllerSpec" name="Test that the show action returns the correct model" time="0.074" />

      <testcase classname="com.hiideals.form.DownloadCertificateControllerSpec" name="Test that the edit action returns the correct model" time="0.039" />

      <testcase classname="com.hiideals.form.DownloadCertificateControllerSpec" name="Test the update action performs an update on a valid domain instance" time="0.329">
          <failure message="Condition not satisfied:&#xa;&#xa;response.redirectedUrl == &apos;/downloadCertificate/index&apos;&#xa;|        |             |&#xa;|        |             false&#xa;|        |             8 differences (69% similarity)&#xa;|        |             /(D)ownload(c)ertificate(------)&#xa;|        |             /(d)ownload(C)ertificate(/index)&#xa;|        /Downloadcertificate&#xa;org.codehaus.groovy.grails.plugins.testing.GrailsMockHttpServletResponse@ec5f944&#xa;" type="junit.framework.AssertionFailedError">junit.framework.AssertionFailedError: Condition not satisfied:

response.redirectedUrl == &apos;/downloadCertificate/index&apos;
|        |             |
|        |             false
|        |             8 differences (69% similarity)
|        |             /(D)ownload(c)ertificate(------)
|        |             /(d)ownload(C)ertificate(/index)
|        /Downloadcertificate
org.codehaus.groovy.grails.plugins.testing.GrailsMockHttpServletResponse@ec5f944

	at com.hiideals.form.DownloadCertificateControllerSpec.Test the update action performs an update on a valid domain instance(DownloadCertificateControllerSpec.groovy:101)
</failure>

      </testcase>

      <testcase classname="com.hiideals.form.DownloadCertificateControllerSpec" name="Test that the delete action deletes an instance if it exists" time="0.052">
          <failure message="Condition not satisfied:&#xa;&#xa;response.redirectedUrl == &apos;/downloadCertificate/index&apos;&#xa;|        |             |&#xa;|        |             false&#xa;|        |             8 differences (69% similarity)&#xa;|        |             /(D)ownload(c)ertificate(------)&#xa;|        |             /(d)ownload(C)ertificate(/index)&#xa;|        /Downloadcertificate&#xa;org.codehaus.groovy.grails.plugins.testing.GrailsMockHttpServletResponse@4b85edeb&#xa;" type="junit.framework.AssertionFailedError">junit.framework.AssertionFailedError: Condition not satisfied:

response.redirectedUrl == &apos;/downloadCertificate/index&apos;
|        |             |
|        |             false
|        |             8 differences (69% similarity)
|        |             /(D)ownload(c)ertificate(------)
|        |             /(d)ownload(C)ertificate(/index)
|        /Downloadcertificate
org.codehaus.groovy.grails.plugins.testing.GrailsMockHttpServletResponse@4b85edeb

	at com.hiideals.form.DownloadCertificateControllerSpec.Test that the delete action deletes an instance if it exists(DownloadCertificateControllerSpec.groovy:133)
</failure>

      </testcase>

      <system-out><![CDATA[--Output from Test the index action returns the correct model--
--Output from Test the create action returns the correct model--
--Output from Test the save action correctly persists an instance--
--Output from Test that the show action returns the correct model--
--Output from Test that the edit action returns the correct model--
--Output from Test the update action performs an update on a valid domain instance--
--Output from Test that the delete action deletes an instance if it exists--
]]></system-out>

      <system-err><![CDATA[--Output from Test the index action returns the correct model--
--Output from Test the create action returns the correct model--
--Output from Test the save action correctly persists an instance--
--Output from Test that the show action returns the correct model--
--Output from Test that the edit action returns the correct model--
--Output from Test the update action performs an update on a valid domain instance--
--Output from Test that the delete action deletes an instance if it exists--
]]></system-err>

  </testsuite>
</testsuites>
